<?xml version="1.0" encoding="UTF-8"?>
<!-- Generated by org.testng.reporters.JUnitReportReporter -->
<testsuite hostname="hp" failures="0" tests="4" name="TestPack.PractiseTestClass002" time="0.026" errors="0" timestamp="2022-02-12T14:42:36 IST" skipped="0">
  <testcase classname="TestPack.PractiseTestClass002" name="test1" time="0.006"/>
  <system-out/>
  <testcase classname="TestPack.PractiseTestClass002" name="test3" time="0.010"/>
  <system-out/>
  <testcase classname="TestPack.PractiseTestClass002" name="test2" time="0.005"/>
  <system-out/>
  <testcase classname="TestPack.PractiseTestClass002" name="test4" time="0.005"/>
  <system-out/>
</testsuite> <!-- TestPack.PractiseTestClass002 -->
