<?xml version="1.0" encoding="UTF-8"?>
<!-- Generated by org.testng.reporters.JUnitReportReporter -->
<testsuite hostname="hp" failures="0" tests="4" name="TestPack.PractiseTestClass" time="0.043" errors="0" timestamp="2022-02-12T14:53:49 IST" skipped="0">
  <testcase classname="TestPack.PractiseTestClass" name="testD" time="0.006"/>
  <system-out/>
  <testcase classname="TestPack.PractiseTestClass" name="testC" time="0.012"/>
  <system-out/>
  <testcase classname="TestPack.PractiseTestClass" name="testA" time="0.016"/>
  <system-out/>
  <testcase classname="TestPack.PractiseTestClass" name="testB" time="0.009"/>
  <system-out/>
</testsuite> <!-- TestPack.PractiseTestClass -->
