<?xml version="1.0" encoding="UTF-8"?>
<!-- Generated by org.testng.reporters.JUnitReportReporter -->
<testsuite hostname="hp" failures="0" tests="2" name="TestPack.TestNG" time="0.044" errors="0" timestamp="2022-02-11T14:45:22 IST" skipped="0">
  <testcase classname="TestPack.TestNG" name="test1" time="0.028"/>
  <system-out/>
  <testcase classname="TestPack.TestNG" name="test2" time="0.016"/>
  <system-out/>
</testsuite> <!-- TestPack.TestNG -->
