<?xml version="1.0" encoding="UTF-8"?>
<!-- Generated by org.testng.reporters.JUnitReportReporter -->
<testsuite hostname="hp" failures="0" tests="4" name="TestCasePack.TestNG_Class_102" time="129.436" errors="0" timestamp="2022-02-16T12:53:07 IST" skipped="0">
  <testcase classname="TestCasePack.TestNG_Class_102" name="toVerifyUsersPage" time="49.023"/>
  <system-out/>
  <testcase classname="TestCasePack.TestNG_Class_102" name="toVerifyUsersPage" time="49.478"/>
  <system-out/>
  <testcase classname="TestCasePack.TestNG_Class_102" name="toVerifyWorkSchedulePage" time="19.116"/>
  <system-out/>
  <testcase classname="TestCasePack.TestNG_Class_102" name="toVerifyWorkSchedulePage" time="11.819"/>
  <system-out/>
</testsuite> <!-- TestCasePack.TestNG_Class_102 -->
